<?xml version="1.0" encoding="UTF-8"?>
<!-- Generated by org.testng.reporters.JUnitXMLReporter -->
<testsuite ignored="0" hostname="Apples-MacBook-Pro.local" failures="0" tests="5" name="book-flight-2" time="22.057" errors="0" timestamp="2023-05-11T14:52:27 CEST">
  <testcase classname="com.newtours.tests.BookFlightTest" name="gotoRegistrationPage" time="6.001"/>
  <testcase classname="com.newtours.tests.BookFlightTest" name="gotoRegistrationConfirmationPage" time="0.283"/>
  <testcase classname="com.newtours.tests.BookFlightTest" name="flightDetailsPage" time="2.249"/>
  <testcase classname="com.newtours.tests.BookFlightTest" name="findFlightPage" time="0.813"/>
  <testcase classname="com.newtours.tests.BookFlightTest" name="FlightConfirmationPage" time="0.642"/>
</testsuite> <!-- book-flight-2 -->
